  OGLRenderer.cpp
  OGLRendererDirectionalLight.cpp
  OGLRendererIndexBuffer.cpp
  OGLRendererInstanceBuffer.cpp
  OGLRendererMaterial.cpp
  OGLRendererMesh.cpp
  OGLRendererSpotLight.cpp
  OGLRendererTexture2D.cpp
  OGLRendererVertexBuffer.cpp
  D3D9Renderer.cpp
  D3D9RendererDirectionalLight.cpp
  D3D9RendererIndexBuffer.cpp
  D3D9RendererInstanceBuffer.cpp
  D3D9RendererMaterial.cpp
  D3D9RendererMesh.cpp
  D3D9RendererSpotLight.cpp
  D3D9RendererTarget.cpp
  D3D9RendererTexture2D.cpp
  D3D9RendererVertexBuffer.cpp
  D3D9WPFRenderer.cpp
  D3D11Renderer.cpp
  D3D11RendererDirectionalLight.cpp
  D3D11RendererIndexBuffer.cpp
  D3D11RendererInstanceBuffer.cpp
  D3D11RendererMaterial.cpp
  D3D11RendererMesh.cpp
  D3D11RendererSpotLight.cpp
  D3D11RendererTarget.cpp
  D3D11RendererTexture2D.cpp
  D3D11RendererTexture3D.cpp
  D3D11RendererUtils.cpp
  D3D11RendererVariableManager.cpp
  D3D11RendererVertexBuffer.cpp
  NULLRenderer.cpp
  NULLRendererDirectionalLight.cpp
  NULLRendererIndexBuffer.cpp
  NULLRendererInstanceBuffer.cpp
  NULLRendererMaterial.cpp
  NULLRendererMesh.cpp
  NULLRendererSpotLight.cpp
  NULLRendererTexture2D.cpp
  NULLRendererVertexBuffer.cpp
  Renderer.cpp
  RendererBoxShape.cpp
  RendererCapsuleShape.cpp
  RendererClothShape.cpp
  RendererColor.cpp
  RendererDesc.cpp
  RendererDirectionalLight.cpp
  RendererDirectionalLightDesc.cpp
  RendererGridShape.cpp
  RendererIndexBuffer.cpp
  RendererIndexBufferDesc.cpp
  RendererInstanceBuffer.cpp
  RendererInstanceBufferDesc.cpp
  RendererLight.cpp
  RendererLightDesc.cpp
  RendererMaterial.cpp
  RendererMaterialDesc.cpp
  RendererMaterialInstance.cpp
  RendererMesh.cpp
  RendererMeshContext.cpp
  RendererMeshDesc.cpp
  RendererMeshShape.cpp
  RendererParticleSystemShape.cpp
  RendererProjection.cpp
  RendererShape.cpp
  RendererSimpleParticleSystemShape.cpp
  RendererSpotLight.cpp
  RendererSpotLightDesc.cpp
  RendererTarget.cpp
  RendererTargetDesc.cpp
  RendererTerrainShape.cpp
  RendererTexture.cpp
  RendererTexture2D.cpp
  RendererTexture2DDesc.cpp
  RendererTextureDesc.cpp
  RendererVertexBuffer.cpp
  RendererVertexBufferDesc.cpp
  RendererWindow.cpp
OGLRendererVertexBuffer.obj : warning LNK4221: 此对象文件未定义任何之前未定义的公共符号，因此任何耗用此库的链接操作都不会使用此文件
  SampleRenderer-MT.vcxproj -> C:\Users\wj202\Desktop\do\PhysX-12-8\PhysX_3.4\Samples\SampleFramework\renderer\compiler\vc15win64\./../../lib/vc15win64\SampleRenderer-MTDEBUG.lib
