  NpWindowsDelayLoadHook.cpp
  NpPhysicsGpu.cpp
  PxGpu.cpp
  PxParticleDeviceExclusive.cpp
  PxParticleGpu.cpp
  PxPhysXGpuModuleLoader.cpp
  PxPhysXIndicatorDeviceExclusive.cpp
  PhysXIndicatorWindows.cpp
  NpParticleFluid.cpp
  NpParticleSystem.cpp
  ScbActor.cpp
  ScbAggregate.cpp
  ScbBase.cpp
  ScbCloth.cpp
  ScbMetaData.cpp
  ScbParticleSystem.cpp
  ScbScene.cpp
  ScbScenePvdClient.cpp
  ScbShape.cpp
  NpCloth.cpp
  NpClothFabric.cpp
  NpClothParticleData.cpp
  NpImmediateMode.cpp
  NpActor.cpp
  NpAggregate.cpp
  NpArticulation.cpp
  NpArticulationJoint.cpp
  NpArticulationLink.cpp
  NpBatchQuery.cpp
  NpConstraint.cpp
  NpFactory.cpp
  NpMaterial.cpp
  NpMetaData.cpp
  NpPhysics.cpp
  NpPvdSceneQueryCollector.cpp
  NpReadCheck.cpp
  NpRigidDynamic.cpp
  NpRigidStatic.cpp
  NpScene.cpp
  NpSceneQueries.cpp
  NpSerializerAdapter.cpp
  NpShape.cpp
  NpShapeManager.cpp
  NpSpatialIndex.cpp
  NpVolumeCache.cpp
  NpWriteCheck.cpp
  PvdMetaDataPvdBinding.cpp
  PvdPhysicsClient.cpp
  PxAutoGeneratedMetaDataObjects.cpp
  PxMetaDataObjects.cpp
    正在创建库 ./../../../Lib/vc15win64/PhysX3DEBUG_x64.lib 和对象 ./../../../Lib/vc15win64/PhysX3DEBUG_x64.exp
LIBCMTD.lib(initializers.obj) : warning LNK4098: 默认库“libcmt.lib”与其他库的使用冲突；请使用 /NODEFAULTLIB:library
LINK : warning LNK4199: 已忽略 /DELAYLOAD:nvcuda.dll；未找到来自 nvcuda.dll 的导入
  PhysX.vcxproj -> C:\Users\wj202\Desktop\do\PhysX-12-8\PhysX_3.4\Source\compiler\vc15win64\./../../../bin/vc15win64\PhysX3DEBUG_x64.dll
