  ExtBroadPhase.cpp
  ExtClothFabricCooker.cpp
  ExtClothGeodesicTetherCooker.cpp
  ExtClothMeshQuadifier.cpp
  ExtClothSimpleTetherCooker.cpp
  ExtCollection.cpp
  ExtConvexMeshExt.cpp
  ExtCpuWorkerThread.cpp
  ExtD6Joint.cpp
  ExtD6JointSolverPrep.cpp
  ExtDefaultCpuDispatcher.cpp
  ExtDefaultErrorCallback.cpp
  ExtDefaultSimulationFilterShader.cpp
  ExtDefaultStreams.cpp
  ExtDistanceJoint.cpp
  ExtDistanceJointSolverPrep.cpp
  ExtExtensions.cpp
  ExtFixedJoint.cpp
  ExtFixedJointSolverPrep.cpp
  ExtJoint.cpp
  ExtMetaData.cpp
  ExtParticleExt.cpp
  ExtPrismaticJoint.cpp
  ExtPrismaticJointSolverPrep.cpp
  ExtPvd.cpp
  ExtPxStringTable.cpp
  ExtRaycastCCD.cpp
  ExtRevoluteJoint.cpp
  ExtRevoluteJointSolverPrep.cpp
  ExtRigidBodyExt.cpp
  ExtSceneQueryExt.cpp
  ExtSimpleFactory.cpp
  ExtSmoothNormals.cpp
  ExtSphericalJoint.cpp
  ExtSphericalJointSolverPrep.cpp
  ExtTriangleMeshExt.cpp
  SnBinaryDeserialization.cpp
  SnBinarySerialization.cpp
  SnConvX.cpp
  SnConvX_Align.cpp
  SnConvX_Convert.cpp
  SnConvX_Error.cpp
  SnConvX_MetaData.cpp
  SnConvX_Output.cpp
  SnConvX_Union.cpp
  SnSerializationContext.cpp
  SnJointRepXSerializer.cpp
  SnRepXCoreSerializer.cpp
  SnRepXUpgrader.cpp
  SnXmlSerialization.cpp
  SnSerialization.cpp
  SnSerializationRegistry.cpp
  SnSerialUtils.cpp
  PxExtensionAutoGeneratedMetaDataObjects.cpp
  PhysXExtensions.vcxproj -> C:\Users\wj202\Desktop\do\PhysX-12-8\PhysX_3.4\Source\compiler\vc15win64\./../../../Lib/vc15win64\PhysX3ExtensionsDEBUG.lib
