  ParticleEmitter.cpp
  ParticleEmitterPressure.cpp
  ParticleEmitterRate.cpp
  ParticleFactory.cpp
  ParticleSystem.cpp
  RenderBaseActor.cpp
  RenderBaseObject.cpp
  RenderBoxActor.cpp
  RenderCapsuleActor.cpp
  RenderGridActor.cpp
  RenderMaterial.cpp
  RenderMeshActor.cpp
  RenderParticleSystemActor.cpp
  RenderSphereActor.cpp
  RenderTexture.cpp
  RenderClothActor.cpp
  RaycastCCD.cpp
  SampleCamera.cpp
  SampleCameraController.cpp
  SampleConsole.cpp
  SampleMain.cpp
  SampleStepper.cpp
  TestGroup.cpp
  PhysXSample.cpp
  PhysXSampleApplication.cpp
  InputEventBuffer.cpp
  SampleInputMappingAsset.cpp
  Picking.cpp
  RawLoader.cpp
  SampleAllocator.cpp
  SampleMouseFilter.cpp
  SampleRandomPrecomputed.cpp
  RenderPhysX3Debug.cpp
  wavefront.cpp
  SampleCharacterHelpers.cpp
  AcclaimLoader.cpp
  TestMotionGenerator.cpp
  TestGeometryHelpers.cpp
  TestClothHelpers.cpp
SampleRenderer-MTDEBUG.lib(OGLRendererVertexBuffer.obj) : warning LNK4221: 此对象文件未定义任何之前未定义的公共符号，因此任何耗用此库的链接操作都不会使用此文件
  SampleBase.vcxproj -> C:\Users\wj202\Desktop\do\PhysX-12-8\PhysX_3.4\Samples\compiler\vc15win64\./../../lib/vc15win64\SampleBaseDEBUG.lib
