  px_globals.cpp
  PxsCCD.cpp
  PxsContactManager.cpp
  PxsContext.cpp
  PxsDefaultMemoryManager.cpp
  PxsIslandSim.cpp
  PxsMaterialCombiner.cpp
  PxsNphaseImplementationContext.cpp
  PxsSimpleIslandManager.cpp
  PxcContact.cpp
  PxcContactCache.cpp
  PxcContactMethodImpl.cpp
  PxcMaterialHeightField.cpp
  PxcMaterialMesh.cpp
  PxcMaterialMethodImpl.cpp
  PxcMaterialShape.cpp
  PxcNpBatch.cpp
  PxcNpCacheStreamPair.cpp
  PxcNpContactPrepShared.cpp
  PxcNpMemBlockPool.cpp
  PxcNpThreadContext.cpp
  LowLevel.vcxproj -> C:\Users\wj202\Desktop\do\PhysX-12-8\PhysX_3.4\Source\compiler\vc15win64\./../../../Lib/vc15win64\LowLevelDEBUG.lib
